# JRE version: OpenJDK Runtime Environment (11.0.21+9) (build 11.0.21+9-post-Ubuntu-0ubuntu122.04)
# Java VM: OpenJDK 64-Bit Server VM (11.0.21+9-post-Ubuntu-0ubuntu122.04, mixed mode, sharing, tiered, compressed oops, g1 gc, linux-amd64)
Heap:
 garbage-first heap   total 14336K, used 7449K [0x0000000085600000, 0x0000000100000000)
  region size 1024K, 5 young (5120K), 1 survivors (1024K)
 Metaspace       used 7363K, capacity 7691K, committed 7936K, reserved 1056768K
  class space    used 819K, capacity 965K, committed 1024K, reserved 1048576K
GC Heap History (17 events):
Event: 0.360 GC heap before
{Heap before GC invocations=0 (full 0):
 garbage-first heap   total 129024K, used 1744K [0x0000000085600000, 0x0000000100000000)
  region size 1024K, 2 young (2048K), 0 survivors (0K)
 Metaspace       used 566K, capacity 4623K, committed 4864K, reserved 1056768K
  class space    used 41K, capacity 393K, committed 512K, reserved 1048576K
}
Event: 0.385 GC heap after
{Heap after GC invocations=1 (full 1):
 garbage-first heap   total 14336K, used 1268K [0x0000000085600000, 0x0000000100000000)
  region size 1024K, 0 young (0K), 0 survivors (0K)
 Metaspace       used 566K, capacity 4623K, committed 4864K, reserved 1056768K
  class space    used 41K, capacity 393K, committed 512K, reserved 1048576K
}
Event: 0.583 GC heap before
{Heap before GC invocations=1 (full 1):
 garbage-first heap   total 14336K, used 5364K [0x0000000085600000, 0x0000000100000000)
  region size 1024K, 4 young (4096K), 0 survivors (0K)
 Metaspace       used 1375K, capacity 5116K, committed 5376K, reserved 1056768K
  class space    used 149K, capacity 493K, committed 512K, reserved 1048576K
}
Event: 0.591 GC heap after
{Heap after GC invocations=2 (full 1):
 garbage-first heap   total 14336K, used 1580K [0x0000000085600000, 0x0000000100000000)
  region size 1024K, 1 young (1024K), 1 survivors (1024K)
 Metaspace       used 1375K, capacity 5116K, committed 5376K, reserved 1056768K
  class space    used 149K, capacity 493K, committed 512K, reserved 1048576K
}
Event: 0.678 GC heap before
{Heap before GC invocations=2 (full 1):
 garbage-first heap   total 14336K, used 6700K [0x0000000085600000, 0x0000000100000000)
  region size 1024K, 6 young (6144K), 1 survivors (1024K)
 Metaspace       used 1745K, capacity 5281K, committed 5504K, reserved 1056768K
  class space    used 196K, capacity 527K, committed 640K, reserved 1048576K
}
Event: 0.679 GC heap after
{Heap after GC invocations=3 (full 1):
 garbage-first heap   total 14336K, used 1961K [0x0000000085600000, 0x0000000100000000)
  region size 1024K, 1 young (1024K), 1 survivors (1024K)
 Metaspace       used 1745K, capacity 5281K, committed 5504K, reserved 1056768K
  class space    used 196K, capacity 527K, committed 640K, reserved 1048576K
}
Event: 0.697 GC heap before
{Heap before GC invocations=3 (full 1):
 garbage-first heap   total 14336K, used 6057K [0x0000000085600000, 0x0000000100000000)
  region size 1024K, 5 young (5120K), 1 survivors (1024K)
 Metaspace       used 1746K, capacity 5281K, committed 5504K, reserved 1056768K
  class space    used 196K, capacity 527K, committed 640K, reserved 1048576K
}
Event: 0.701 GC heap after
{Heap after GC invocations=4 (full 1):
 garbage-first heap   total 14336K, used 2056K [0x0000000085600000, 0x0000000100000000)
  region size 1024K, 1 young (1024K), 1 survivors (1024K)
 Metaspace       used 1746K, capacity 5281K, committed 5504K, reserved 1056768K
  class space    used 196K, capacity 527K, committed 640K, reserved 1048576K
}
Event: 0.857 GC heap before
{Heap before GC invocations=4 (full 1):
 garbage-first heap   total 14336K, used 6152K [0x0000000085600000, 0x0000000100000000)
  region size 1024K, 5 young (5120K), 1 survivors (1024K)
 Metaspace       used 2652K, capacity 5552K, committed 5760K, reserved 1056768K
  class space    used 295K, capacity 602K, committed 640K, reserved 1048576K
}
Event: 0.859 GC heap after
{Heap after GC invocations=5 (full 1):
 garbage-first heap   total 14336K, used 2414K [0x0000000085600000, 0x0000000100000000)
  region size 1024K, 1 young (1024K), 1 survivors (1024K)
 Metaspace       used 2652K, capacity 5552K, committed 5760K, reserved 1056768K
  class space    used 295K, capacity 602K, committed 640K, reserved 1048576K
}
Event: 0.889 GC heap before
{Heap before GC invocations=5 (full 1):
 garbage-first heap   total 14336K, used 2414K [0x0000000085600000, 0x0000000100000000)
  region size 1024K, 2 young (2048K), 1 survivors (1024K)
 Metaspace       used 4151K, capacity 5605K, committed 5888K, reserved 1056768K
  class space    used 452K, capacity 641K, committed 768K, reserved 1048576K
}
Event: 0.896 GC heap after
{Heap after GC invocations=6 (full 2):
 garbage-first heap   total 14336K, used 2407K [0x0000000085600000, 0x0000000100000000)
  region size 1024K, 0 young (0K), 0 survivors (0K)
 Metaspace       used 4151K, capacity 5605K, committed 5888K, reserved 1056768K
  class space    used 452K, capacity 641K, committed 768K, reserved 1048576K
}
Event: 0.946 GC heap before
{Heap before GC invocations=6 (full 2):
 garbage-first heap   total 14336K, used 5479K [0x0000000085600000, 0x0000000100000000)
  region size 1024K, 4 young (4096K), 0 survivors (0K)
 Metaspace       used 4223K, capacity 5669K, committed 5888K, reserved 1056768K
  class space    used 456K, capacity 641K, committed 768K, reserved 1048576K
}
Event: 0.952 GC heap after
{Heap after GC invocations=7 (full 3):
 garbage-first heap   total 14336K, used 2546K [0x0000000085600000, 0x0000000100000000)
  region size 1024K, 0 young (0K), 0 survivors (0K)
 Metaspace       used 4223K, capacity 5669K, committed 5888K, reserved 1056768K
  class space    used 456K, capacity 641K, committed 768K, reserved 1048576K
}
Event: 1.168 GC heap before
{Heap before GC invocations=7 (full 3):
 garbage-first heap   total 14336K, used 7666K [0x0000000085600000, 0x0000000100000000)
  region size 1024K, 5 young (5120K), 0 survivors (0K)
 Metaspace       used 7332K, capacity 7627K, committed 7936K, reserved 1056768K
  class space    used 818K, capacity 965K, committed 1024K, reserved 1048576K
}
Event: 1.173 GC heap after
{Heap after GC invocations=8 (full 3):
 garbage-first heap   total 14336K, used 3353K [0x0000000085600000, 0x0000000100000000)
  region size 1024K, 1 young (1024K), 1 survivors (1024K)
 Metaspace       used 7332K, capacity 7627K, committed 7936K, reserved 1056768K
  class space    used 818K, capacity 965K, committed 1024K, reserved 1048576K
}
Event: 1.261 GC heap before
{Heap before GC invocations=8 (full 3):
 garbage-first heap   total 14336K, used 7449K [0x0000000085600000, 0x0000000100000000)
  region size 1024K, 5 young (5120K), 1 survivors (1024K)
 Metaspace       used 7363K, capacity 7691K, committed 7936K, reserved 1056768K
  class space    used 819K, capacity 965K, committed 1024K, reserved 1048576K
}

